<?xml version="1.0" encoding="UTF-8"?>
<!-- Generated by org.testng.reporters.JUnitReportReporter -->
<testsuite hostname="B753DMAA" name="testcasePackage.Testcase4" tests="1" failures="0" timestamp="29 Jun 2017 08:57:32 GMT" time="23.853" errors="0">
  <testcase name="tc1" time="23.853" classname="testcasePackage.Testcase4"/>
</testsuite> <!-- testcasePackage.Testcase4 -->
