<?xml version="1.0" encoding="UTF-8"?>
<!-- Generated by org.testng.reporters.JUnitReportReporter -->
<testsuite skipped="0" hostname="B753DMAA" name="utilPakage.Temp1" tests="1" failures="0" timestamp="07 Jun 2017 09:04:05 GMT" time="0.496" errors="0">
  <testcase name="getExcelData" time="0.496" classname="utilPakage.Temp1"/>
</testsuite> <!-- utilPakage.Temp1 -->
