<?xml version="1.0" encoding="UTF-8"?>
<!-- Generated by org.testng.reporters.JUnitReportReporter -->
<testsuite hostname="B753DMAA" name="kannanPackage.CheckboxSelection" tests="1" failures="0" timestamp="29 Jun 2017 10:35:54 GMT" time="56.262" errors="0">
  <testcase name="checkBoxVerification" time="56.262" classname="kannanPackage.CheckboxSelection"/>
</testsuite> <!-- kannanPackage.CheckboxSelection -->
