<?xml version="1.0" encoding="UTF-8"?>
<!-- Generated by org.testng.reporters.JUnitReportReporter -->
<testsuite skipped="0" hostname="B684DMAA" name="edwinPackage.AddtoCart" tests="1" failures="0" timestamp="19 Jun 2017 12:58:13 GMT" time="136.596" errors="0">
  <testcase name="addtoCart" time="136.596" classname="edwinPackage.AddtoCart"/>
</testsuite> <!-- edwinPackage.AddtoCart -->
