<?xml version="1.0" encoding="UTF-8"?>
<!-- Generated by org.testng.reporters.JUnitReportReporter -->
<testsuite skipped="0" hostname="B753DMAA" name="testcasePackage.Testcase3" tests="1" failures="0" timestamp="09 Jun 2017 07:10:20 GMT" time="19.645" errors="0">
  <testcase name="tc3" time="19.645" classname="testcasePackage.Testcase3"/>
</testsuite> <!-- testcasePackage.Testcase3 -->
