<?xml version="1.0" encoding="UTF-8"?>
<!-- Generated by org.testng.reporters.JUnitReportReporter -->
<testsuite hostname="B753DMAA" name="testcasePackage.Testcase4" tests="1" failures="0" timestamp="29 Jun 2017 10:43:17 GMT" time="18.602" errors="0">
  <testcase name="tc1" time="18.602" classname="testcasePackage.Testcase4"/>
</testsuite> <!-- testcasePackage.Testcase4 -->
