<?xml version="1.0" encoding="UTF-8"?>
<!-- Generated by org.testng.reporters.JUnitReportReporter -->
<testsuite skipped="0" hostname="B753DMAA" name="temp" tests="1" failures="0" timestamp="05 Jun 2017 10:52:08 GMT" time="0.472" errors="0">
  <testcase name="getExcelData" time="0.472" classname="temp"/>
</testsuite> <!-- temp -->
