<?xml version="1.0" encoding="UTF-8"?>
<!-- Generated by org.testng.reporters.JUnitReportReporter -->
<testsuite skipped="0" hostname="B753DMAA" name="testcasePackage.Testcase4" tests="1" failures="0" timestamp="09 Jun 2017 07:10:20 GMT" time="23.258" errors="0">
  <testcase name="tc1" time="23.258" classname="testcasePackage.Testcase4"/>
</testsuite> <!-- testcasePackage.Testcase4 -->
