<?xml version="1.0" encoding="UTF-8"?>
<!-- Generated by org.testng.reporters.JUnitReportReporter -->
<testsuite hostname="B753DMAA" name="testcasePackage.Testcase3" tests="1" failures="0" timestamp="29 Jun 2017 10:43:17 GMT" time="22.554" errors="0">
  <testcase name="tc3" time="22.554" classname="testcasePackage.Testcase3"/>
</testsuite> <!-- testcasePackage.Testcase3 -->
