<?xml version="1.0" encoding="UTF-8"?>
<!-- Generated by org.testng.reporters.JUnitReportReporter -->
<testsuite skipped="0" hostname="B753DMAA" name="Temp1" tests="1" failures="0" timestamp="06 Jun 2017 07:49:41 GMT" time="0.469" errors="0">
  <testcase name="getExcelData" time="0.469" classname="Temp1"/>
</testsuite> <!-- Temp1 -->
